2025-02-07 11:57:43 [INFO] Directory structure ensured.
2025-02-07 11:57:43 [INFO] Starting main loop.
2025-02-07 11:57:43 [ERROR] Unhandled exception: input(): lost sys.stdin
2025-02-07 12:38:08 [INFO] Directory structure ensured.
2025-02-07 12:38:08 [INFO] Starting main loop.
2025-02-07 16:00:00 [INFO] Directory structure ensured.
2025-02-07 16:00:00 [INFO] Starting main loop.
2025-02-07 16:00:00 [INFO] Outside tracking window. Sleeping for 64800 seconds until next tracking window.
2025-02-07 16:00:05 [INFO] Script interrupted by user.
2025-02-07 16:00:10 [INFO] Directory structure ensured.
2025-02-07 16:00:10 [INFO] Starting main loop.
2025-02-07 16:00:10 [INFO] Outside tracking window. Sleeping for 64790 seconds until next tracking window.
2025-02-09 16:30:53 [INFO] Directory structure ensured.
2025-02-09 16:30:53 [INFO] Starting main loop.
2025-02-09 16:30:53 [INFO] Outside tracking window. Sleeping for 62947 seconds until next tracking window.
2025-02-11 00:36:17 [INFO] No entries for 2025-02-09. Skipping save.
2025-02-11 00:36:17 [INFO] No temporary entries file found for rollover.
2025-02-11 00:36:17 [INFO] Outside tracking window. Sleeping for 120223 seconds until next tracking window.
2025-02-12 11:32:45 [INFO] Directory structure ensured.
2025-02-12 11:32:45 [INFO] Starting main loop.
2025-02-12 11:32:45 [ERROR] Unhandled exception: input(): lost sys.stdin
2025-02-13 22:13:02 [INFO] Directory structure ensured.
2025-02-13 22:13:02 [INFO] Starting main loop.
2025-02-13 22:13:02 [INFO] Outside tracking window. Sleeping for 42417 seconds until next tracking window.
2025-02-14 22:37:28 [INFO] No entries for 2025-02-13. Skipping save.
2025-02-14 22:37:28 [INFO] No temporary entries file found for rollover.
2025-02-14 22:37:28 [INFO] Outside tracking window. Sleeping for 40952 seconds until next tracking window.
2025-02-25 22:13:30 [INFO] No entries for 2025-02-14. Skipping save.
2025-02-25 22:13:30 [INFO] No temporary entries file found for rollover.
2025-02-25 22:13:30 [INFO] Outside tracking window. Sleeping for 42389 seconds until next tracking window.
2025-02-26 10:00:00 [INFO] No entries for 2025-02-25. Skipping save.
2025-02-26 10:00:00 [INFO] No temporary entries file found for rollover.
2025-02-26 10:00:00 [ERROR] Unhandled exception: input(): lost sys.stdin
2025-02-26 17:33:54 [INFO] Directory structure ensured.
2025-02-26 17:33:54 [INFO] Starting main loop.
2025-02-26 17:33:54 [INFO] Outside tracking window. Sleeping for 59165 seconds until next tracking window.
